TN:
SF:D:\AngularProgram\Angular\src\polyfills.ts
FNF:0
FNH:0
LF:0
LH:0
BRF:0
BRH:0
end_of_record
TN:
SF:D:\AngularProgram\Angular\src\test.ts
FNF:0
FNH:0
DA:13,1
DA:18,1
DA:20,1
LF:3
LH:3
BRF:0
BRH:0
end_of_record
TN:
SF:D:\AngularProgram\Angular\src\app\app.component.ts
FN:10,(anonymous_0)
FN:5,AppComponent
FN:15,(anonymous_2)
FN:19,(anonymous_3)
FN:22,(anonymous_4)
FN:24,(anonymous_5)
FNF:6
FNH:4
FNDA:1,(anonymous_0)
FNDA:2,AppComponent
FNDA:0,(anonymous_2)
FNDA:0,(anonymous_3)
FNDA:1,(anonymous_4)
FNDA:2,(anonymous_5)
DA:10,1
DA:11,2
DA:15,1
DA:16,0
DA:19,1
DA:20,0
DA:22,1
DA:24,1
DA:25,2
DA:27,1
DA:29,1
LF:11
LH:9
BRF:0
BRH:0
end_of_record
TN:
SF:D:\AngularProgram\Angular\src\app\static-data.ts
FNF:0
FNH:0
DA:1,1
LF:1
LH:1
BRF:0
BRH:0
end_of_record
TN:
SF:D:\AngularProgram\Angular\src\app\courses-list\courses-list.component.ts
FN:9,(anonymous_0)
FN:14,CoursesListComponent
FN:16,(anonymous_2)
FN:21,(anonymous_3)
FN:25,(anonymous_4)
FNF:5
FNH:4
FNDA:1,(anonymous_0)
FNDA:2,CoursesListComponent
FNDA:2,(anonymous_2)
FNDA:0,(anonymous_3)
FNDA:1,(anonymous_4)
DA:9,1
DA:11,1
DA:12,1
DA:13,2
DA:16,1
DA:17,2
DA:21,1
DA:22,0
DA:25,1
DA:26,1
DA:27,1
DA:29,1
LF:12
LH:11
BRF:0
BRH:0
end_of_record
TN:
SF:D:\AngularProgram\Angular\src\app\footer-section\footer-section.component.ts
FN:8,(anonymous_0)
FN:10,FooterSectionComponent
FN:12,(anonymous_2)
FNF:3
FNH:3
FNDA:1,(anonymous_0)
FNDA:1,FooterSectionComponent
FNDA:1,(anonymous_2)
DA:8,1
DA:12,1
DA:15,1
LF:3
LH:3
BRF:0
BRH:0
end_of_record
TN:
SF:D:\AngularProgram\Angular\src\app\header-menu\header-menu.component.ts
FN:8,(anonymous_0)
FN:10,HeaderMenuComponent
FN:12,(anonymous_2)
FNF:3
FNH:3
FNDA:1,(anonymous_0)
FNDA:1,HeaderMenuComponent
FNDA:1,(anonymous_2)
DA:8,1
DA:12,1
DA:15,1
LF:3
LH:3
BRF:0
BRH:0
end_of_record
